Using pre-set license
Built from '2020.3/staging' branch; Version is '2020.3.32f1 (12f8b0834f07) revision 1243312'; Using compiler version '192528614'; Build Type 'Release'
OS: 'Windows 11  (10.0.22000) 64bit Core' Language: 'pt' Physical Memory: 16151 MB
BatchMode: 1, IsHumanControllingUs: 0, StartBugReporterOnCrash: 0, Is64bit: 1, IsPro: 0

COMMAND LINE ARGUMENTS:
C:\Program Files\Unity\Hub\Editor\2020.3.32f1\Editor\Unity.exe
-adb2
-batchMode
-noUpm
-name
AssetImportWorker0
-projectPath
C:/Users/palki/Desktop/SpaceInvaders
-logFile
Logs/AssetImportWorker0.log
-srvPort
53884
Successfully changed project path to: C:/Users/palki/Desktop/SpaceInvaders
C:/Users/palki/Desktop/SpaceInvaders
Using Asset Import Pipeline V2.
Refreshing native plugins compatible for Editor in 58.91 ms, found 3 plugins.
Preloading 0 native plugins for Editor in 0.00 ms.
Initialize engine version: 2020.3.32f1 (12f8b0834f07)
[Subsystems] Discovering subsystems at path C:/Program Files/Unity/Hub/Editor/2020.3.32f1/Editor/Data/Resources/UnitySubsystems
[Subsystems] Discovering subsystems at path C:/Users/palki/Desktop/SpaceInvaders/Assets
GfxDevice: creating device client; threaded=0
Direct3D:
    Version:  Direct3D 11.0 [level 11.1]
    Renderer: NVIDIA GeForce GTX 1660 Ti (ID=0x2191)
    Vendor:   
    VRAM:     5991 MB
    Driver:   30.0.15.1215
Initialize mono
Mono path[0] = 'C:/Program Files/Unity/Hub/Editor/2020.3.32f1/Editor/Data/Managed'
Mono path[1] = 'C:/Program Files/Unity/Hub/Editor/2020.3.32f1/Editor/Data/MonoBleedingEdge/lib/mono/unityjit'
Mono config path = 'C:/Program Files/Unity/Hub/Editor/2020.3.32f1/Editor/Data/MonoBleedingEdge/etc'
Using monoOptions --debugger-agent=transport=dt_socket,embedding=1,server=y,suspend=n,address=127.0.0.1:56444
Begin MonoManager ReloadAssembly
Registering precompiled unity dll's ...
Register platform support module: C:/Program Files/Unity/Hub/Editor/2020.3.32f1/Editor/Data/PlaybackEngines/WebGLSupport/UnityEditor.WebGL.Extensions.dll
Register platform support module: C:/Program Files/Unity/Hub/Editor/2020.3.32f1/Editor/Data/PlaybackEngines/WindowsStandaloneSupport/UnityEditor.WindowsStandalone.Extensions.dll
Registered in 0.001773 seconds.
Native extension for WindowsStandalone target not found
Native extension for WebGL target not found
Refreshing native plugins compatible for Editor in 53.45 ms, found 3 plugins.
Preloading 0 native plugins for Editor in 0.00 ms.
Mono: successfully reloaded assembly
- Completed reload, in  0.730 seconds
Domain Reload Profiling:
	ReloadAssembly (730ms)
		BeginReloadAssembly (91ms)
			ExecutionOrderSort (0ms)
			DisableScriptedObjects (0ms)
			BackupInstance (0ms)
			ReleaseScriptingObjects (0ms)
			CreateAndSetChildDomain (1ms)
		EndReloadAssembly (550ms)
			LoadAssemblies (89ms)
			RebuildTransferFunctionScriptingTraits (0ms)
			SetupTypeCache (179ms)
			ReleaseScriptCaches (0ms)
			RebuildScriptCaches (35ms)
			SetupLoadedEditorAssemblies (206ms)
				LogAssemblyErrors (0ms)
				InitializePlatformSupportModulesInManaged (7ms)
				SetLoadedEditorAssemblies (0ms)
				RefreshPlugins (54ms)
				BeforeProcessingInitializeOnLoad (9ms)
				ProcessInitializeOnLoadAttributes (103ms)
				ProcessInitializeOnLoadMethodAttributes (33ms)
				AfterProcessingInitializeOnLoad (0ms)
				EditorAssembliesLoaded (0ms)
			ExecutionOrderSort2 (0ms)
			AwakeInstancesAfterBackupRestoration (0ms)
Platform modules already initialized, skipping
Registering precompiled user dll's ...
Registered in 0.003137 seconds.
Begin MonoManager ReloadAssembly
Native extension for WindowsStandalone target not found
Native extension for WebGL target not found
Refreshing native plugins compatible for Editor in 53.86 ms, found 3 plugins.
Preloading 0 native plugins for Editor in 0.00 ms.
Mono: successfully reloaded assembly
- Completed reload, in  1.355 seconds
Domain Reload Profiling:
	ReloadAssembly (1357ms)
		BeginReloadAssembly (192ms)
			ExecutionOrderSort (0ms)
			DisableScriptedObjects (6ms)
			BackupInstance (0ms)
			ReleaseScriptingObjects (0ms)
			CreateAndSetChildDomain (22ms)
		EndReloadAssembly (1081ms)
			LoadAssemblies (121ms)
			RebuildTransferFunctionScriptingTraits (0ms)
			SetupTypeCache (385ms)
			ReleaseScriptCaches (0ms)
			RebuildScriptCaches (52ms)
			SetupLoadedEditorAssemblies (406ms)
				LogAssemblyErrors (0ms)
				InitializePlatformSupportModulesInManaged (5ms)
				SetLoadedEditorAssemblies (0ms)
				RefreshPlugins (54ms)
				BeforeProcessingInitializeOnLoad (82ms)
				ProcessInitializeOnLoadAttributes (242ms)
				ProcessInitializeOnLoadMethodAttributes (19ms)
				AfterProcessingInitializeOnLoad (4ms)
				EditorAssembliesLoaded (0ms)
			ExecutionOrderSort2 (0ms)
			AwakeInstancesAfterBackupRestoration (8ms)
Platform modules already initialized, skipping
========================================================================
Worker process is ready to serve import requests
Launched and connected shader compiler UnityShaderCompiler.exe after 0.08 seconds
Refreshing native plugins compatible for Editor in 0.95 ms, found 3 plugins.
Preloading 0 native plugins for Editor in 0.00 ms.
Unloading 2200 Unused Serialized files (Serialized files now loaded: 0)
System memory in use before: 97.0 MB.
System memory in use after: 96.9 MB.

Unloading 31 unused Assets to reduce memory usage. Loaded Objects now: 2631.
Total: 3.908700 ms (FindLiveObjects: 0.324200 ms CreateObjectMapping: 0.221700 ms MarkObjects: 3.205700 ms  DeleteObjects: 0.155800 ms)

AssetImportParameters requested are different than current active one (requested -> active):
  custom:framework-win-MediaFoundation: 216162199b28c13a410421893ffa2e32 -> 
  custom:video-decoder-ogg-theora: a1e56fd34408186e4bbccfd4996cb3dc -> 
  custom:container-muxer-webm: aa71ff27fc2769a1b78a27578f13a17b -> 
  custom:container-demuxer-webm: 4f35f7cbe854078d1ac9338744f61a02 -> 
  custom:container-demuxer-ogg: 62fdf1f143b41e24485cea50d1cbac27 -> 
  custom:video-encoder-webm-vp8: eb34c28f22e8b96e1ab97ce403110664 -> 
  custom:video-decoder-webm-vp8: 9c59270c3fd7afecdb556c50c9e8de78 -> 
  custom:audio-decoder-ogg-vorbis: bf7c407c2cedff20999df2af8eb42d56 -> 
  custom:audio-encoder-webm-vorbis: bf7c407c2cedff20999df2af8eb42d56 -> 
========================================================================
Received Import Request.
  path: Assets/Sprites/Invader_01-1.png
  artifactKey: Guid(b5f20663b636d4b4eb010e7fb8012499) Importer(815301076,1909f56bfc062723c751e8b465ee728b)
Start importing Assets/Sprites/Invader_01-1.png using Guid(b5f20663b636d4b4eb010e7fb8012499) Importer(815301076,1909f56bfc062723c751e8b465ee728b)  -> (artifact id: '4e59206c8d07ad8ea718a2775eabf18b') in 0.103575 seconds 
========================================================================
Received Import Request.
  Time since last request: 0.000320 seconds.
  path: Assets/Sprites/Invader_03-1.png
  artifactKey: Guid(c8e61345d3987184b973a87b6d24e87a) Importer(815301076,1909f56bfc062723c751e8b465ee728b)
Start importing Assets/Sprites/Invader_03-1.png using Guid(c8e61345d3987184b973a87b6d24e87a) Importer(815301076,1909f56bfc062723c751e8b465ee728b)  -> (artifact id: 'cd30edd11eb78b199bc0c5d27a7a6259') in 0.014869 seconds 
========================================================================
Received Import Request.
  Time since last request: 0.000263 seconds.
  path: Assets/Sprites/Invader_03-2.png
  artifactKey: Guid(62bd310435a5d0c468ae8052f0a3e83c) Importer(815301076,1909f56bfc062723c751e8b465ee728b)
Start importing Assets/Sprites/Invader_03-2.png using Guid(62bd310435a5d0c468ae8052f0a3e83c) Importer(815301076,1909f56bfc062723c751e8b465ee728b)  -> (artifact id: '333700d3b6410f079aed1ba7b32f5578') in 0.012989 seconds 
========================================================================
Received Import Request.
  Time since last request: 0.000326 seconds.
  path: Assets/Sprites/MysteryShip.png
  artifactKey: Guid(21986e41c9136b240934e8287636260f) Importer(815301076,1909f56bfc062723c751e8b465ee728b)
Start importing Assets/Sprites/MysteryShip.png using Guid(21986e41c9136b240934e8287636260f) Importer(815301076,1909f56bfc062723c751e8b465ee728b)  -> (artifact id: '8c86bd19a08292e03233ec20c6f1fb0d') in 0.013433 seconds 
========================================================================
Received Import Request.
  Time since last request: 0.000316 seconds.
  path: Assets/Sprites/Splat.png
  artifactKey: Guid(a6a2d27059997af43b0160ed934f4eb2) Importer(815301076,1909f56bfc062723c751e8b465ee728b)
Start importing Assets/Sprites/Splat.png using Guid(a6a2d27059997af43b0160ed934f4eb2) Importer(815301076,1909f56bfc062723c751e8b465ee728b)  -> (artifact id: '72013cc8838fb67ca2c28ed2a056e756') in 0.013437 seconds 
========================================================================
Received Import Request.
  Time since last request: 0.000285 seconds.
  path: Assets/Sprites/Invader_02-1.png
  artifactKey: Guid(faa33742ca0e31347b439b55fb7cecfd) Importer(815301076,1909f56bfc062723c751e8b465ee728b)
Start importing Assets/Sprites/Invader_02-1.png using Guid(faa33742ca0e31347b439b55fb7cecfd) Importer(815301076,1909f56bfc062723c751e8b465ee728b)  -> (artifact id: '42e312b1f7d10e35a352972d2d288c9f') in 0.016570 seconds 
========================================================================
Received Import Request.
  Time since last request: 0.000333 seconds.
  path: Assets/Sprites/Laser.png
  artifactKey: Guid(13648fd6c2f66c844995f6538cb3986d) Importer(815301076,1909f56bfc062723c751e8b465ee728b)
Start importing Assets/Sprites/Laser.png using Guid(13648fd6c2f66c844995f6538cb3986d) Importer(815301076,1909f56bfc062723c751e8b465ee728b)  -> (artifact id: '8bc1eb335db09cdfa18044b827b5b838') in 0.017167 seconds 
========================================================================
Received Import Request.
  Time since last request: 0.000279 seconds.
  path: Assets/Sprites/Missile.png
  artifactKey: Guid(5cf556935ed166c418e5f42e28ae1038) Importer(815301076,1909f56bfc062723c751e8b465ee728b)
Start importing Assets/Sprites/Missile.png using Guid(5cf556935ed166c418e5f42e28ae1038) Importer(815301076,1909f56bfc062723c751e8b465ee728b)  -> (artifact id: 'c0c372261458e618b57c9e7bf26f2446') in 0.016929 seconds 
========================================================================
Received Import Request.
  Time since last request: 0.000302 seconds.
  path: Assets/Sprites/Invader_02-2.png
  artifactKey: Guid(f71a1796fdbee8e49b6f314e661ba7e1) Importer(815301076,1909f56bfc062723c751e8b465ee728b)
Start importing Assets/Sprites/Invader_02-2.png using Guid(f71a1796fdbee8e49b6f314e661ba7e1) Importer(815301076,1909f56bfc062723c751e8b465ee728b)  -> (artifact id: 'eb91efaa23a7f83e03ef290e1af694e3') in 0.014472 seconds 
========================================================================
Received Import Request.
  Time since last request: 0.000316 seconds.
  path: Assets/Sprites/Player.png
  artifactKey: Guid(c80d3e0001f2de5489373f671415193f) Importer(815301076,1909f56bfc062723c751e8b465ee728b)
Start importing Assets/Sprites/Player.png using Guid(c80d3e0001f2de5489373f671415193f) Importer(815301076,1909f56bfc062723c751e8b465ee728b)  -> (artifact id: 'b92ec86347d7f1ffa6e414b945b03436') in 0.014932 seconds 
========================================================================
Received Import Request.
  Time since last request: 0.000292 seconds.
  path: Assets/Sprites
  artifactKey: Guid(f8c5799786d534540985952597b397c8) Importer(815301076,1909f56bfc062723c751e8b465ee728b)
Start importing Assets/Sprites using Guid(f8c5799786d534540985952597b397c8) Importer(815301076,1909f56bfc062723c751e8b465ee728b)  -> (artifact id: '9e34db566f139e27275004c7923330a6') in 0.005143 seconds 
========================================================================
Received Import Request.
  Time since last request: 0.000323 seconds.
  path: Assets/Sprites/Invader_01-2.png
  artifactKey: Guid(695deb1fbb284dd46be3ecd6ad6b2c49) Importer(815301076,1909f56bfc062723c751e8b465ee728b)
Start importing Assets/Sprites/Invader_01-2.png using Guid(695deb1fbb284dd46be3ecd6ad6b2c49) Importer(815301076,1909f56bfc062723c751e8b465ee728b)  -> (artifact id: '74b63a8e0268faf2f9e26aa2cbcaedc4') in 0.015456 seconds 
========================================================================
Received Import Request.
  Time since last request: 0.000283 seconds.
  path: Assets/Sprites/Bunker.png
  artifactKey: Guid(8b83c0380df4c9843abd512bf5985cd5) Importer(815301076,1909f56bfc062723c751e8b465ee728b)
Start importing Assets/Sprites/Bunker.png using Guid(8b83c0380df4c9843abd512bf5985cd5) Importer(815301076,1909f56bfc062723c751e8b465ee728b)  -> (artifact id: '7ea1c7a11853557f7aa385c0678a47b5') in 0.017095 seconds 
========================================================================
Received Import Request.
  Time since last request: 67.040603 seconds.
  path: Assets/Scenes/SampleScene.unity
  artifactKey: Guid(2cda990e2423bbf4892e6590ba056729) Importer(815301076,1909f56bfc062723c751e8b465ee728b)
Start importing Assets/Scenes/SampleScene.unity using Guid(2cda990e2423bbf4892e6590ba056729) Importer(815301076,1909f56bfc062723c751e8b465ee728b)  -> (artifact id: '39830e642e86629427d938554181f2fd') in 0.012621 seconds 
========================================================================
Received Import Request.
  Time since last request: 10.704960 seconds.
  path: Assets/Scenes/SpaceInvaders.unity
  artifactKey: Guid(2cda990e2423bbf4892e6590ba056729) Importer(815301076,1909f56bfc062723c751e8b465ee728b)
Start importing Assets/Scenes/SpaceInvaders.unity using Guid(2cda990e2423bbf4892e6590ba056729) Importer(815301076,1909f56bfc062723c751e8b465ee728b)  -> (artifact id: 'af6754afb47e5a368aa57c589cc294dc') in 0.005204 seconds 
========================================================================
Received Import Request.
  Time since last request: 518.811074 seconds.
  path: Assets
  artifactKey: Guid(00000000000000001000000000000000) Importer(815301076,1909f56bfc062723c751e8b465ee728b)
Start importing Assets using Guid(00000000000000001000000000000000) Importer(815301076,1909f56bfc062723c751e8b465ee728b)  -> (artifact id: '42d402b061de3733987d63b9cc3b64de') in 0.005409 seconds 
========================================================================
Received Import Request.
  Time since last request: 6.980172 seconds.
  path: Assets/Prefabs
  artifactKey: Guid(2621eb9ee76b37649a5b94a124998a49) Importer(815301076,1909f56bfc062723c751e8b465ee728b)
Start importing Assets/Prefabs using Guid(2621eb9ee76b37649a5b94a124998a49) Importer(815301076,1909f56bfc062723c751e8b465ee728b)  -> (artifact id: '5e907725d9f8e1e2d9c044b5a26fe956') in 0.005410 seconds 
========================================================================
Received Import Request.
  Time since last request: 5.198924 seconds.
  path: Assets/Prefabs/Invader_Base.prefab
  artifactKey: Guid(e1597be915e87e64b8e4e6f7e7c35df0) Importer(815301076,1909f56bfc062723c751e8b465ee728b)
Start importing Assets/Prefabs/Invader_Base.prefab using Guid(e1597be915e87e64b8e4e6f7e7c35df0) Importer(815301076,1909f56bfc062723c751e8b465ee728b)  -> (artifact id: '086ce38377b344cfc8a782252b44b753') in 0.016912 seconds 
========================================================================
Received Import Request.
  Time since last request: 60.108762 seconds.
  path: Assets/Prefabs/Invader_Base.prefab
  artifactKey: Guid(e1597be915e87e64b8e4e6f7e7c35df0) Importer(815301076,1909f56bfc062723c751e8b465ee728b)
Start importing Assets/Prefabs/Invader_Base.prefab using Guid(e1597be915e87e64b8e4e6f7e7c35df0) Importer(815301076,1909f56bfc062723c751e8b465ee728b)  -> (artifact id: '1f1de4d931a276b8a30beacfa1dfaa33') in 0.004587 seconds 
========================================================================
Received Import Request.
  Time since last request: 0.825420 seconds.
  path: Assets/Prefabs/Invader_Base.prefab
  artifactKey: Guid(e1597be915e87e64b8e4e6f7e7c35df0) Importer(815301076,1909f56bfc062723c751e8b465ee728b)
Start importing Assets/Prefabs/Invader_Base.prefab using Guid(e1597be915e87e64b8e4e6f7e7c35df0) Importer(815301076,1909f56bfc062723c751e8b465ee728b)  -> (artifact id: '94bcb2d13c5ad4ec01c63d8b13b256ad') in 0.004569 seconds 
========================================================================
Received Import Request.
  Time since last request: 11.796538 seconds.
  path: Assets/Prefabs/Invader_Base.prefab
  artifactKey: Guid(e1597be915e87e64b8e4e6f7e7c35df0) Importer(815301076,1909f56bfc062723c751e8b465ee728b)
Start importing Assets/Prefabs/Invader_Base.prefab using Guid(e1597be915e87e64b8e4e6f7e7c35df0) Importer(815301076,1909f56bfc062723c751e8b465ee728b)  -> (artifact id: '8c3407492c12d56168f2ebae8f757c7a') in 0.033175 seconds 
========================================================================
Received Import Request.
  Time since last request: 8.965345 seconds.
  path: Assets/Prefabs/Invader_Base.prefab
  artifactKey: Guid(e1597be915e87e64b8e4e6f7e7c35df0) Importer(815301076,1909f56bfc062723c751e8b465ee728b)
Start importing Assets/Prefabs/Invader_Base.prefab using Guid(e1597be915e87e64b8e4e6f7e7c35df0) Importer(815301076,1909f56bfc062723c751e8b465ee728b)  -> (artifact id: 'bcd8c236dcc1f0b19b76d8c228db1e78') in 0.012037 seconds 
========================================================================
Received Import Request.
  Time since last request: 85.524475 seconds.
  path: Assets/Prefabs/Invader_1 Variant.prefab
  artifactKey: Guid(7ca0024767c5f074ea805d4c227402ae) Importer(815301076,1909f56bfc062723c751e8b465ee728b)
Start importing Assets/Prefabs/Invader_1 Variant.prefab using Guid(7ca0024767c5f074ea805d4c227402ae) Importer(815301076,1909f56bfc062723c751e8b465ee728b)  -> (artifact id: 'ba65175e3d4ca019cfadd7a12e9d32f0') in 0.013827 seconds 
========================================================================
Received Import Request.
  Time since last request: 54.450247 seconds.
  path: Assets/Prefabs/Invader_Base Variant.prefab
  artifactKey: Guid(9d29f3535f6c8af46b91860ca99a29ab) Importer(815301076,1909f56bfc062723c751e8b465ee728b)
Start importing Assets/Prefabs/Invader_Base Variant.prefab using Guid(9d29f3535f6c8af46b91860ca99a29ab) Importer(815301076,1909f56bfc062723c751e8b465ee728b)  -> (artifact id: '94cfeed38b557b69d25fb9b8a0348b98') in 0.012713 seconds 
========================================================================
Received Import Request.
  Time since last request: 7.962983 seconds.
  path: Assets/Prefabs/Invader_2.prefab
  artifactKey: Guid(9d29f3535f6c8af46b91860ca99a29ab) Importer(815301076,1909f56bfc062723c751e8b465ee728b)
Start importing Assets/Prefabs/Invader_2.prefab using Guid(9d29f3535f6c8af46b91860ca99a29ab) Importer(815301076,1909f56bfc062723c751e8b465ee728b)  -> (artifact id: '71397f3fd6821dfa85349d1b53ff6765') in 0.014889 seconds 
========================================================================
Received Import Request.
  Time since last request: 15.011113 seconds.
  path: Assets/Prefabs/Invader_Base.prefab
  artifactKey: Guid(e1597be915e87e64b8e4e6f7e7c35df0) Importer(815301076,1909f56bfc062723c751e8b465ee728b)
Start importing Assets/Prefabs/Invader_Base.prefab using Guid(e1597be915e87e64b8e4e6f7e7c35df0) Importer(815301076,1909f56bfc062723c751e8b465ee728b)  -> (artifact id: '63bc3ab0a4deff00bf49f66992d064ac') in 0.013260 seconds 
========================================================================
Received Import Request.
  Time since last request: 2.668944 seconds.
  path: Assets/Prefabs/Invader_Base.prefab
  artifactKey: Guid(e1597be915e87e64b8e4e6f7e7c35df0) Importer(815301076,1909f56bfc062723c751e8b465ee728b)
Start importing Assets/Prefabs/Invader_Base.prefab using Guid(e1597be915e87e64b8e4e6f7e7c35df0) Importer(815301076,1909f56bfc062723c751e8b465ee728b)  -> (artifact id: '7c6652890c256f866df56b2b9c164742') in 0.013778 seconds 
========================================================================
Received Import Request.
  Time since last request: 7.681478 seconds.
  path: Assets/Prefabs/Invader_Base Variant.prefab
  artifactKey: Guid(7b293683592aa3140a44b72a26dd7e05) Importer(815301076,1909f56bfc062723c751e8b465ee728b)
Start importing Assets/Prefabs/Invader_Base Variant.prefab using Guid(7b293683592aa3140a44b72a26dd7e05) Importer(815301076,1909f56bfc062723c751e8b465ee728b)  -> (artifact id: '200ac1a19ab7cf15386701d209ea22d9') in 0.012176 seconds 
========================================================================
Received Import Request.
  Time since last request: 1.755229 seconds.
  path: Assets/Prefabs/Invader_1 Variant.prefab
  artifactKey: Guid(7ca0024767c5f074ea805d4c227402ae) Importer(815301076,1909f56bfc062723c751e8b465ee728b)
Start importing Assets/Prefabs/Invader_1 Variant.prefab using Guid(7ca0024767c5f074ea805d4c227402ae) Importer(815301076,1909f56bfc062723c751e8b465ee728b)  -> (artifact id: '61c0762a6d58d18f94f32dd1e583bd00') in 0.012477 seconds 
========================================================================
Received Import Request.
  Time since last request: 0.000266 seconds.
  path: Assets/Prefabs/Invader_2.prefab
  artifactKey: Guid(9d29f3535f6c8af46b91860ca99a29ab) Importer(815301076,1909f56bfc062723c751e8b465ee728b)
Start importing Assets/Prefabs/Invader_2.prefab using Guid(9d29f3535f6c8af46b91860ca99a29ab) Importer(815301076,1909f56bfc062723c751e8b465ee728b)  -> (artifact id: '7b1663540d540c46c4d14d3f4ff0d170') in 0.008623 seconds 
========================================================================
Received Import Request.
  Time since last request: 12.073514 seconds.
  path: Assets/Prefabs/Invader_1 Variant.prefab
  artifactKey: Guid(7ca0024767c5f074ea805d4c227402ae) Importer(815301076,1909f56bfc062723c751e8b465ee728b)
Start importing Assets/Prefabs/Invader_1 Variant.prefab using Guid(7ca0024767c5f074ea805d4c227402ae) Importer(815301076,1909f56bfc062723c751e8b465ee728b)  -> (artifact id: '9284651d2812f92699142b8e060e4a96') in 0.008459 seconds 
========================================================================
Received Import Request.
  Time since last request: 0.000243 seconds.
  path: Assets/Prefabs/Invader_3.prefab
  artifactKey: Guid(e1597be915e87e64b8e4e6f7e7c35df0) Importer(815301076,1909f56bfc062723c751e8b465ee728b)
Start importing Assets/Prefabs/Invader_3.prefab using Guid(e1597be915e87e64b8e4e6f7e7c35df0) Importer(815301076,1909f56bfc062723c751e8b465ee728b)  -> (artifact id: '37c0222f5b25dd140ce5ede842b5b1df') in 0.012485 seconds 
========================================================================
Received Import Request.
  Time since last request: 0.000227 seconds.
  path: Assets/Prefabs/Invader_2.prefab
  artifactKey: Guid(9d29f3535f6c8af46b91860ca99a29ab) Importer(815301076,1909f56bfc062723c751e8b465ee728b)
Start importing Assets/Prefabs/Invader_2.prefab using Guid(9d29f3535f6c8af46b91860ca99a29ab) Importer(815301076,1909f56bfc062723c751e8b465ee728b)  -> (artifact id: '4ee93afdc79c14e733e8bbe545e6fb28') in 0.008997 seconds 
========================================================================
Received Import Request.
  Time since last request: 0.000245 seconds.
  path: Assets/Prefabs/Invader_Base Variant.prefab
  artifactKey: Guid(7b293683592aa3140a44b72a26dd7e05) Importer(815301076,1909f56bfc062723c751e8b465ee728b)
Start importing Assets/Prefabs/Invader_Base Variant.prefab using Guid(7b293683592aa3140a44b72a26dd7e05) Importer(815301076,1909f56bfc062723c751e8b465ee728b)  -> (artifact id: 'f69fde529fbcea81dd53da6e540a973c') in 0.009634 seconds 
========================================================================
Received Import Request.
  Time since last request: 12.133002 seconds.
  path: Assets/Prefabs/Invader_Base Variant.prefab
  artifactKey: Guid(7b293683592aa3140a44b72a26dd7e05) Importer(815301076,1909f56bfc062723c751e8b465ee728b)
Start importing Assets/Prefabs/Invader_Base Variant.prefab using Guid(7b293683592aa3140a44b72a26dd7e05) Importer(815301076,1909f56bfc062723c751e8b465ee728b)  -> (artifact id: '0a7bba0b6b5755939fe209a709599e04') in 0.007057 seconds 
========================================================================
Received Import Request.
  Time since last request: 10.994561 seconds.
  path: Assets/Prefabs/Invader_1 Variant.prefab
  artifactKey: Guid(7ca0024767c5f074ea805d4c227402ae) Importer(815301076,1909f56bfc062723c751e8b465ee728b)
Start importing Assets/Prefabs/Invader_1 Variant.prefab using Guid(7ca0024767c5f074ea805d4c227402ae) Importer(815301076,1909f56bfc062723c751e8b465ee728b)  -> (artifact id: '6a50670af5be5b9b7873cdee510b0182') in 0.008622 seconds 
========================================================================
Received Import Request.
  Time since last request: 0.000241 seconds.
  path: Assets/Prefabs/Invader_3.prefab
  artifactKey: Guid(e1597be915e87e64b8e4e6f7e7c35df0) Importer(815301076,1909f56bfc062723c751e8b465ee728b)
Start importing Assets/Prefabs/Invader_3.prefab using Guid(e1597be915e87e64b8e4e6f7e7c35df0) Importer(815301076,1909f56bfc062723c751e8b465ee728b)  -> (artifact id: '4f1b307707c510c5c08b603fdfe042a1') in 0.010407 seconds 
========================================================================
Received Import Request.
  Time since last request: 0.000386 seconds.
  path: Assets/Prefabs/Invader_2.prefab
  artifactKey: Guid(9d29f3535f6c8af46b91860ca99a29ab) Importer(815301076,1909f56bfc062723c751e8b465ee728b)
Start importing Assets/Prefabs/Invader_2.prefab using Guid(9d29f3535f6c8af46b91860ca99a29ab) Importer(815301076,1909f56bfc062723c751e8b465ee728b)  -> (artifact id: 'fb70d21601e5d007778017b02852193c') in 0.009438 seconds 
========================================================================
Received Import Request.
  Time since last request: 0.000299 seconds.
  path: Assets/Prefabs/Invader_Base Variant.prefab
  artifactKey: Guid(7b293683592aa3140a44b72a26dd7e05) Importer(815301076,1909f56bfc062723c751e8b465ee728b)
Start importing Assets/Prefabs/Invader_Base Variant.prefab using Guid(7b293683592aa3140a44b72a26dd7e05) Importer(815301076,1909f56bfc062723c751e8b465ee728b)  -> (artifact id: 'ada16330afac6c31e21d0901d80e9cd8') in 0.005345 seconds 
========================================================================
Received Import Request.
  Time since last request: 1.830602 seconds.
  path: Assets/Prefabs/Invader_1 Variant.prefab
  artifactKey: Guid(7ca0024767c5f074ea805d4c227402ae) Importer(815301076,1909f56bfc062723c751e8b465ee728b)
Start importing Assets/Prefabs/Invader_1 Variant.prefab using Guid(7ca0024767c5f074ea805d4c227402ae) Importer(815301076,1909f56bfc062723c751e8b465ee728b)  -> (artifact id: 'dca0a3a15d10c6307c8bdf564c483be4') in 0.009546 seconds 
========================================================================
Received Import Request.
  Time since last request: 0.000285 seconds.
  path: Assets/Prefabs/Invader_3.prefab
  artifactKey: Guid(e1597be915e87e64b8e4e6f7e7c35df0) Importer(815301076,1909f56bfc062723c751e8b465ee728b)
Start importing Assets/Prefabs/Invader_3.prefab using Guid(e1597be915e87e64b8e4e6f7e7c35df0) Importer(815301076,1909f56bfc062723c751e8b465ee728b)  -> (artifact id: '1be80995ea81f8430f39f07091c4cbb3') in 0.008583 seconds 
========================================================================
Received Import Request.
  Time since last request: 0.000310 seconds.
  path: Assets/Prefabs/Invader_2.prefab
  artifactKey: Guid(9d29f3535f6c8af46b91860ca99a29ab) Importer(815301076,1909f56bfc062723c751e8b465ee728b)
Start importing Assets/Prefabs/Invader_2.prefab using Guid(9d29f3535f6c8af46b91860ca99a29ab) Importer(815301076,1909f56bfc062723c751e8b465ee728b)  -> (artifact id: '8c3915b26a168c82439fbafacfd7dc89') in 0.008981 seconds 
========================================================================
Received Import Request.
  Time since last request: 0.000291 seconds.
  path: Assets/Prefabs/Invader_Base Variant.prefab
  artifactKey: Guid(7b293683592aa3140a44b72a26dd7e05) Importer(815301076,1909f56bfc062723c751e8b465ee728b)
Start importing Assets/Prefabs/Invader_Base Variant.prefab using Guid(7b293683592aa3140a44b72a26dd7e05) Importer(815301076,1909f56bfc062723c751e8b465ee728b)  -> (artifact id: 'a4bafb243a175b8911f552744884e15a') in 0.005353 seconds 
========================================================================
Received Import Request.
  Time since last request: 17.339262 seconds.
  path: Assets/Scripts
  artifactKey: Guid(1898ad0114c2a5a4a9f2e918001caa03) Importer(815301076,1909f56bfc062723c751e8b465ee728b)
Start importing Assets/Scripts using Guid(1898ad0114c2a5a4a9f2e918001caa03) Importer(815301076,1909f56bfc062723c751e8b465ee728b)  -> (artifact id: '0b066d8bbf2a5c606e78c3dcdd0a64f9') in 0.006212 seconds 
========================================================================
Received Import Request.
  Time since last request: 6.732586 seconds.
  path: Assets/Scripts/Invader.cs
  artifactKey: Guid(c6e62dc9586af034b977255b806b7b24) Importer(815301076,1909f56bfc062723c751e8b465ee728b)
Start importing Assets/Scripts/Invader.cs using Guid(c6e62dc9586af034b977255b806b7b24) Importer(815301076,1909f56bfc062723c751e8b465ee728b)  -> (artifact id: '0badc923e839156894efda6bd203c8bb') in 0.012098 seconds 
========================================================================
Received Prepare
Registering precompiled user dll's ...
Registered in 0.002601 seconds.
Begin MonoManager ReloadAssembly
Native extension for WindowsStandalone target not found
Native extension for WebGL target not found
Refreshing native plugins compatible for Editor in 0.52 ms, found 3 plugins.
Preloading 0 native plugins for Editor in 0.00 ms.
Mono: successfully reloaded assembly
- Completed reload, in  1.233 seconds
Domain Reload Profiling:
	ReloadAssembly (1233ms)
		BeginReloadAssembly (131ms)
			ExecutionOrderSort (0ms)
			DisableScriptedObjects (8ms)
			BackupInstance (0ms)
			ReleaseScriptingObjects (0ms)
			CreateAndSetChildDomain (39ms)
		EndReloadAssembly (1027ms)
			LoadAssemblies (105ms)
			RebuildTransferFunctionScriptingTraits (0ms)
			SetupTypeCache (375ms)
			ReleaseScriptCaches (1ms)
			RebuildScriptCaches (52ms)
			SetupLoadedEditorAssemblies (365ms)
				LogAssemblyErrors (0ms)
				InitializePlatformSupportModulesInManaged (6ms)
				SetLoadedEditorAssemblies (1ms)
				RefreshPlugins (1ms)
				BeforeProcessingInitializeOnLoad (77ms)
				ProcessInitializeOnLoadAttributes (257ms)
				ProcessInitializeOnLoadMethodAttributes (17ms)
				AfterProcessingInitializeOnLoad (8ms)
				EditorAssembliesLoaded (0ms)
			ExecutionOrderSort2 (0ms)
			AwakeInstancesAfterBackupRestoration (15ms)
Platform modules already initialized, skipping
Refreshing native plugins compatible for Editor in 0.53 ms, found 3 plugins.
Preloading 0 native plugins for Editor in 0.00 ms.
Unloading 2196 Unused Serialized files (Serialized files now loaded: 0)
System memory in use before: 100.0 MB.
System memory in use after: 100.0 MB.

Unloading 20 unused Assets to reduce memory usage. Loaded Objects now: 2661.
Total: 4.200500 ms (FindLiveObjects: 0.187300 ms CreateObjectMapping: 0.115800 ms MarkObjects: 3.740000 ms  DeleteObjects: 0.155300 ms)

AssetImportParameters requested are different than current active one (requested -> active):
  custom:framework-win-MediaFoundation: 216162199b28c13a410421893ffa2e32 -> 
  custom:video-decoder-ogg-theora: a1e56fd34408186e4bbccfd4996cb3dc -> 
  custom:container-muxer-webm: aa71ff27fc2769a1b78a27578f13a17b -> 
  custom:container-demuxer-webm: 4f35f7cbe854078d1ac9338744f61a02 -> 
  custom:container-demuxer-ogg: 62fdf1f143b41e24485cea50d1cbac27 -> 
  custom:video-encoder-webm-vp8: eb34c28f22e8b96e1ab97ce403110664 -> 
  custom:video-decoder-webm-vp8: 9c59270c3fd7afecdb556c50c9e8de78 -> 
  custom:audio-decoder-ogg-vorbis: bf7c407c2cedff20999df2af8eb42d56 -> 
  custom:audio-encoder-webm-vorbis: bf7c407c2cedff20999df2af8eb42d56 -> 
========================================================================
Received Import Request.
  Time since last request: 319.356710 seconds.
  path: Assets/Scripts/Invader.cs
  artifactKey: Guid(c6e62dc9586af034b977255b806b7b24) Importer(815301076,1909f56bfc062723c751e8b465ee728b)
Start importing Assets/Scripts/Invader.cs using Guid(c6e62dc9586af034b977255b806b7b24) Importer(815301076,1909f56bfc062723c751e8b465ee728b)  -> (artifact id: '1a7d70fb702fed0827096680a2bcc38b') in 0.011216 seconds 
========================================================================
Received Import Request.
  Time since last request: 145.652621 seconds.
  path: Assets/Scripts/Invader.cs
  artifactKey: Guid(c6e62dc9586af034b977255b806b7b24) Importer(815301076,1909f56bfc062723c751e8b465ee728b)
Start importing Assets/Scripts/Invader.cs using Guid(c6e62dc9586af034b977255b806b7b24) Importer(815301076,1909f56bfc062723c751e8b465ee728b)  -> (artifact id: '6e4cfdef54404871bca627ffb8597572') in 0.002461 seconds 
========================================================================
Received Import Request.
  Time since last request: 9.455248 seconds.
  path: Assets/Prefabs/Invader_Base Variant.prefab
  artifactKey: Guid(7b293683592aa3140a44b72a26dd7e05) Importer(815301076,1909f56bfc062723c751e8b465ee728b)
Start importing Assets/Prefabs/Invader_Base Variant.prefab using Guid(7b293683592aa3140a44b72a26dd7e05) Importer(815301076,1909f56bfc062723c751e8b465ee728b)  -> (artifact id: 'e3daf9847d1e75cdd669fff27583e910') in 0.032264 seconds 
AssetImportWorkerClient::OnTransportError - code=2 error=End of file
